<?xml version="1.0" encoding="UTF-8"?>
<!-- Generated by org.testng.reporters.JUnitReportReporter -->
<testsuite skipped="0" hostname="DESKTOP-SBF4KVK" name="seleniumcasestudy.demo1" tests="2" failures="0" timestamp="2022-01-17T15:45:07 IST" time="50.795" errors="0">
  <testcase name="testing" time="16.862" classname="seleniumcasestudy.demo1"/>
  <system-out/>
  <testcase name="test" time="33.933" classname="seleniumcasestudy.demo1"/>
  <system-out/>
</testsuite> <!-- seleniumcasestudy.demo1 -->
